<?xml version="1.0" encoding="utf-8"?><testsuites name="pytest tests"><testsuite name="pytest" errors="0" failures="0" skipped="0" tests="4" time="0.922" timestamp="2026-08-22T12:27:39.117821+00:00" hostname="agent-env-07c6e972-90e3-446f-8e3c-dd90aab9b0bd"><testcase classname="backend.tests.test_documents_upload" name="test_track_documents_saves_docs" time="0.118" /><testcase classname="backend.tests.test_documents_upload" name="test_admin_documentos_lists_new_cpf" time="0.469" /><testcase classname="backend.tests.test_documents_upload" name="test_admin_documento_arquivo_returns_image" time="0.099" /><testcase classname="backend.tests.test_documents_upload" name="test_track_documents_empty_cpf_fails" time="0.184" /></testsuite></testsuites>