<?xml version="1.0" encoding="utf-8"?><testsuites name="pytest tests"><testsuite name="pytest" errors="0" failures="0" skipped="0" tests="8" time="1.475" timestamp="2026-08-22T11:44:13.338094+00:00" hostname="agent-env-07c6e972-90e3-446f-8e3c-dd90aab9b0bd"><testcase classname="backend.tests.test_pix_valor_fix" name="test_api_root" time="0.140" /><testcase classname="backend.tests.test_pix_valor_fix" name="test_admin_login_ok" time="0.321" /><testcase classname="backend.tests.test_pix_valor_fix" name="test_admin_login_bad_credentials" time="0.332" /><testcase classname="backend.tests.test_pix_valor_fix" name="test_pix_generate_forces_correct_valor_when_client_sends_120" time="0.126" /><testcase classname="backend.tests.test_pix_valor_fix" name="test_pix_generate_with_correct_valor_180" time="0.109" /><testcase classname="backend.tests.test_pix_valor_fix" name="test_pix_generate_no_valor_defaults_from_inscription" time="0.105" /><testcase classname="backend.tests.test_pix_valor_fix" name="test_admin_inscriptions_shows_valor_180" time="0.096" /><testcase classname="backend.tests.test_pix_valor_fix" name="test_admin_dashboard_kpis_valor_total_reflects_180" time="0.148" /></testsuite></testsuites>